FMOD: SystemI::init                  : FMOD Studio Version: 00010304 (52649)
FMOD: SystemI::init                  : maxchannels = 32, flags = 00000000, extradriverdata = 00000000
FMOD: SystemI::close                 : 
FMOD: SystemI::close                 : Stop all sounds
FMOD: SystemI::close                 : Remove miscllaneous DSP stuff.
FMOD: SystemI::close                 : done.

FMOD: SystemI::init                  : Set up software engine
FMOD: OutputWASAPI::enumerate        : Enumerating...
FMOD: OutputWASAPI::enumerate        : Initialise COM library.
FMOD: OutputWASAPI::enumerate        : Done.
FMOD: OutputWASAPI::init             : Initialising...
FMOD: OutputWASAPI::init             : No output sound devices found
FMOD: OutputWASAPI::close            : Closing...
FMOD: OutputWASAPI::close            : Done.
FMOD: SystemI::init                  : No output sound devices found - switching output mode to FMOD_OUTPUTTYPE_NOSOUND
FMOD: OutputWASAPI::close            : Closing...
FMOD: OutputWASAPI::close            : Done.
FMOD: OutputNoSound::init            : Initializing.
FMOD: OutputNoSound::init            : Done.
FMOD: OutputPolled::start            : Starting thread that automatically wakes up every 10 ms
FMOD: Thread::initThread             : Initializing FMOD mixer thread.  priority 3
FMOD: Thread::initThread             : - Stacksize 49152.  Stack pointer 00000000 : usesemaphore = 0 : sleeptime = 10
FMOD: Thread::callback               : * FMOD mixer thread started
FMOD: Thread::initThread             : done.
FMOD: SystemI::init                  : Set up emulated output
FMOD: SystemI::init                  : create the channel pool
FMOD: SystemI::init                  : Set up streamer
FMOD: Thread::initThread             : Initializing FMOD stream thread.  priority 2
FMOD: Thread::initThread             : - Stacksize 65536.  Stack pointer 00000000 : usesemaphore = 0 : sleeptime = 10
FMOD: Thread::callback               : * FMOD stream thread started
FMOD: Thread::initThread             : done.
FMOD: SystemI::init                  : done

FMOD: SystemI::createSoundInternal   : filename = data/audio/music/titleScreen.wav : mode 0000000a
FMOD: SystemI::createSoundInternal   : 18 codecs found.  Scan all until one succeeds
FMOD: SystemI::createSoundInternal   : Scan for tags.
FMOD: CodecTag::openInternal         : attempting to open ID3 or ASF tags..
FMOD: Codec::release                 : 
FMOD: Codec::release                 : done
FMOD: CodecWav::openInternal         : attempting to open as WAV..
FMOD: CodecWav::parseRIFF            : chunk : id fmt  size 16
FMOD: CodecWav::parseRIFF            : offset = 28 / 30296936
FMOD: CodecWav::parseRIFF            : chunk : id data size 30296840
FMOD: CodecWav::parseRIFF            : offset = 30296876 / 30296936
FMOD: CodecWav::parseRIFF            : chunk : id LIST size 18
FMOD: CodecWav::parseRIFF            : chunk : id ICRD size 6
FMOD: CodecWav::parseRIFF            : offset = 18 / 18
FMOD: CodecWav::parseRIFF            : offset = 30296902 / 30296936
FMOD: CodecWav::parseRIFF            : chunk : id id3  size 26
FMOD: CodecWav::parseRIFF            : offset = 30296936 / 30296936
FMOD: CodecWav::openInternal         : mSrcFormat->wFormatTag = 1
FMOD: CodecWav::openInternal         : mSrcFormat->nChannels = 2
FMOD: CodecWav::openInternal         : mSrcFormat->nSamplesPerSec = 44100
FMOD: CodecWav::openInternal         : mSrcFormat->nAvgBytesPerSec = 176400
FMOD: CodecWav::openInternal         : mSrcFormat->nBlockAlign = 4
FMOD: CodecWav::openInternal         : mSrcFormat->wBitsPerSample = 16
FMOD: CodecWav::openInternal         : mSrcFormat->cbSize = 0
FMOD: SystemI::createSoundInternal   : Format has 0 subsounds.
FMOD: SystemI::createSoundInternal   : Create as FMOD_CREATESAMPLE
FMOD: SystemI::createSoundInternal   : creating subsound 0/0
FMOD: SystemI::createSample          : mode 0000004a length 7574210 samples, lengthbytes 30296840
FMOD: SystemI::createSample          : subsamples = 1, channels = 2
FMOD: SystemI::createSample          : subsample 0.  output = 00A0C8B8
FMOD: SystemI::createSample          : mSoftware = 00A0C8B8
FMOD: OutputSoftware::createSample   : lengthpcm 7574210, lengthbytes 30296840, channels 2, format 2, freq 44100, mode 0000004a
FMOD: OutputSoftware::createSample   : done
FMOD: SystemI::createSample          : done
FMOD: SystemI::createSoundInternal   : No name found in file, use filename.
FMOD: SystemI::createSoundInternal   : done.  OpenState now = FMOD_OPENSTATE_READY.

FMOD: SoundI::release                : titleScreen.wav (00A0E7B8)
FMOD: SoundI::release                : release codec. (00A0E7B8)
FMOD: Codec::release                 : 
FMOD: Codec::release                 : done
FMOD: SoundI::release                : free this. (00A0E7B8)
FMOD: SoundI::release                : done (00A0E7B8)
FMOD: SystemI::createSoundInternal   : filename = data/audio/music/shipBeach.wav : mode 0000000a
FMOD: SystemI::createSoundInternal   : 18 codecs found.  Scan all until one succeeds
FMOD: SystemI::createSoundInternal   : Scan for tags.
FMOD: CodecTag::openInternal         : attempting to open ID3 or ASF tags..
FMOD: Codec::release                 : 
FMOD: Codec::release                 : done
FMOD: CodecWav::openInternal         : attempting to open as WAV..
FMOD: CodecWav::parseRIFF            : chunk : id fmt  size 16
FMOD: CodecWav::parseRIFF            : offset = 28 / 14817680
FMOD: CodecWav::parseRIFF            : chunk : id smpl size 36
FMOD: CodecWav::parseRIFF            : offset = 72 / 14817680
FMOD: CodecWav::parseRIFF            : chunk : id data size 14817600
FMOD: CodecWav::parseRIFF            : offset = 14817680 / 14817680
FMOD: CodecWav::openInternal         : mSrcFormat->wFormatTag = 1
FMOD: CodecWav::openInternal         : mSrcFormat->nChannels = 2
FMOD: CodecWav::openInternal         : mSrcFormat->nSamplesPerSec = 44100
FMOD: CodecWav::openInternal         : mSrcFormat->nAvgBytesPerSec = 176400
FMOD: CodecWav::openInternal         : mSrcFormat->nBlockAlign = 4
FMOD: CodecWav::openInternal         : mSrcFormat->wBitsPerSample = 16
FMOD: CodecWav::openInternal         : mSrcFormat->cbSize = 0
FMOD: SystemI::createSoundInternal   : Format has 0 subsounds.
FMOD: SystemI::createSoundInternal   : Create as FMOD_CREATESAMPLE
FMOD: SystemI::createSoundInternal   : creating subsound 0/0
FMOD: SystemI::createSample          : mode 0000004a length 3704400 samples, lengthbytes 14817600
FMOD: SystemI::createSample          : subsamples = 1, channels = 2
FMOD: SystemI::createSample          : subsample 0.  output = 00A0C8B8
FMOD: SystemI::createSample          : mSoftware = 00A0C8B8
FMOD: OutputSoftware::createSample   : lengthpcm 3704400, lengthbytes 14817600, channels 2, format 2, freq 44100, mode 0000004a
FMOD: OutputSoftware::createSample   : done
FMOD: SystemI::createSample          : done
FMOD: SystemI::createSoundInternal   : No name found in file, use filename.
FMOD: SystemI::createSoundInternal   : done.  OpenState now = FMOD_OPENSTATE_READY.

FMOD: SoundI::release                : shipBeach.wav (00A0F460)
FMOD: SoundI::release                : release codec. (00A0F460)
FMOD: Codec::release                 : 
FMOD: Codec::release                 : done
FMOD: SoundI::release                : free this. (00A0F460)
FMOD: SoundI::release                : done (00A0F460)
FMOD: SystemI::createSoundInternal   : filename = data/audio/music/titleScreen.wav : mode 0000000a
FMOD: SystemI::createSoundInternal   : 18 codecs found.  Scan all until one succeeds
FMOD: SystemI::createSoundInternal   : Scan for tags.
FMOD: CodecTag::openInternal         : attempting to open ID3 or ASF tags..
FMOD: Codec::release                 : 
FMOD: Codec::release                 : done
FMOD: CodecWav::openInternal         : attempting to open as WAV..
FMOD: CodecWav::parseRIFF            : chunk : id fmt  size 16
FMOD: CodecWav::parseRIFF            : offset = 28 / 30296936
FMOD: CodecWav::parseRIFF            : chunk : id data size 30296840
FMOD: CodecWav::parseRIFF            : offset = 30296876 / 30296936
FMOD: CodecWav::parseRIFF            : chunk : id LIST size 18
FMOD: CodecWav::parseRIFF            : chunk : id ICRD size 6
FMOD: CodecWav::parseRIFF            : offset = 18 / 18
FMOD: CodecWav::parseRIFF            : offset = 30296902 / 30296936
FMOD: CodecWav::parseRIFF            : chunk : id id3  size 26
FMOD: CodecWav::parseRIFF            : offset = 30296936 / 30296936
FMOD: CodecWav::openInternal         : mSrcFormat->wFormatTag = 1
FMOD: CodecWav::openInternal         : mSrcFormat->nChannels = 2
FMOD: CodecWav::openInternal         : mSrcFormat->nSamplesPerSec = 44100
FMOD: CodecWav::openInternal         : mSrcFormat->nAvgBytesPerSec = 176400
FMOD: CodecWav::openInternal         : mSrcFormat->nBlockAlign = 4
FMOD: CodecWav::openInternal         : mSrcFormat->wBitsPerSample = 16
FMOD: CodecWav::openInternal         : mSrcFormat->cbSize = 0
FMOD: SystemI::createSoundInternal   : Format has 0 subsounds.
FMOD: SystemI::createSoundInternal   : Create as FMOD_CREATESAMPLE
FMOD: SystemI::createSoundInternal   : creating subsound 0/0
FMOD: SystemI::createSample          : mode 0000004a length 7574210 samples, lengthbytes 30296840
FMOD: SystemI::createSample          : subsamples = 1, channels = 2
FMOD: SystemI::createSample          : subsample 0.  output = 00A0C8B8
FMOD: SystemI::createSample          : mSoftware = 00A0C8B8
FMOD: OutputSoftware::createSample   : lengthpcm 7574210, lengthbytes 30296840, channels 2, format 2, freq 44100, mode 0000004a
FMOD: OutputSoftware::createSample   : done
FMOD: SystemI::createSample          : done
FMOD: SystemI::createSoundInternal   : No name found in file, use filename.
FMOD: SystemI::createSoundInternal   : done.  OpenState now = FMOD_OPENSTATE_READY.

