Level Editor Started
Background created
Background created
right click menu open
Tool changed to 0
Saved level
right click menu open
right click menu open
right click menu open
right click menu open
right click menu open
right click menu open
right click menu open
right click menu open
right click menu open
Tool changed to 6
right click menu open
Tool changed to 0
right click menu open
Tool changed to 6
Saved level
right click menu open
Saved level
right click menu open
Saved level
right click menu open
Tool changed to 0
right click menu open
Tool changed to 6
right click menu open
right click menu open
Saved level
right click menu open
right click menu open
right click menu open
right click menu open
right click menu open
right click menu open
Tool changed to 6
right click menu open
Tool changed to 0
Saved level
right click menu open
right click menu open
Saved level
right click menu open
right click menu open
right click menu open
Tool changed to 2
right click menu open
Tool changed to 6
right click menu open
right click menu open
Saved level
right click menu open
right click menu open
Tool changed to 1
right click menu open
right click menu open
Tool changed to 0
right click menu open
Tool changed to 6
Saved level
right click menu open
Tool changed to 0
right click menu open
Tool changed to 6
right click menu open
right click menu open
Tool changed to 0
right click menu open
Saved level
right click menu open
right click menu open
right click menu open
right click menu open
right click menu open
right click menu open
right click menu open
right click menu open
right click menu open
right click menu open
right click menu open
right click menu open
right click menu open
Tool changed to 6
right click menu open
right click menu open
right click menu open
right click menu open
Saved level
right click menu open
Tool changed to 0
right click menu open
Tool changed to 6
right click menu open
Tool changed to 4
right click menu open
Tool changed to 0
right click menu open
Tool changed to 0
Saved level
right click menu open
Tool changed to 1
Saved level
right click menu open
Tool changed to 0
right click menu open
right click menu open
Tool changed to 6
right click menu open
right click menu open
right click menu open
right click menu open
right click menu open
right click menu open
right click menu open
right click menu open
Tool changed to 0
Saved level
right click menu open
Tool changed to 0
Saved level
right click menu open
right click menu open
right click menu open
right click menu open
right click menu open
Tool changed to 6
right click menu open
right click menu open
right click menu open
right click menu open
Tool changed to 0
right click menu open
Tool changed to 6
right click menu open
right click menu open
right click menu open
Tool changed to 0
right click menu open
Tool changed to 6
right click menu open
right click menu open
right click menu open
right click menu open
Saved level
right click menu open
Tool changed to 0
right click menu open
Tool changed to 6
right click menu open
right click menu open
Tool changed to 6
right click menu open
Tool changed to 0
Saved level
right click menu open
right click menu open
right click menu open
Tool changed to 3
right click menu open
right click menu open
right click menu open
right click menu open
right click menu open
right click menu open
right click menu open
right click menu open
right click menu open
right click menu open
right click menu open
right click menu open
right click menu open
right click menu open
right click menu open
right click menu open
right click menu open
right click menu open
right click menu open
right click menu open
right click menu open
right click menu open
Tool changed to 0
right click menu open
Tool changed to 3
right click menu open
right click menu open
right click menu open
right click menu open
right click menu open
right click menu open
Saved level
