0.3200
0.1800
0.6000
0.9000
0.1400
0.3200
0.6800
0.9200
0.1600
0.4000
0.6400
0.8800
0.1800
0.3600
0.5400
0.8399
0.0800
0.3200
0.5600
0.7399
0.9800
0.1600
0.3400
0.5799
0.7599
0
0.1799
0.3599
0.5999
0.7799
0.9599
0.2000
0.3800
0.5600
0.7999
0.9800
0.1600
0.4000
0.5799
0.7599
0
0.1799
0.4199
0.5999
0.7799
0.9599
0.2000
0.3800
0.5600
0.7999
0.9800
0.2200
0.4000
0.5799
0.8199
0
0.1799
0.4199
0.5999
0.7799
0.0200
0.1999
0.3799
0.6199
0.7999
0.0400
0.2199
0.3999
0.5799
0.8199
0
0.2399
0.4199
0.5999
0.8399
0.0200
0.2599
0.4399
0.6199
0.7999
0.0400
0.2199
0.3999
0.6399
0.8199
0
0.2399
0.4199
0.5999
0.8399
0.0200
0.2599
0.4399
0.6799
0.8599
0.1000
0.2800
0.4600
0.6999
0.8799
0.0600
0.3000
0.4799
0.6599
0.8399
0.0800
0.2599
0.4399
0.6199
0.8599
0.0400
0.2800
0.4600
0.6399
0.8199
0.0600
0.2399
0.4199
0.5999
0.8399
0.0200
0.2599
0.4399
0.6199
0.8599
0.0400
0.2800
0.4600
0.6399
0.8199
0.0600
0.2399
0.4199
0.6599
0.8399
0.0200
0.1999
0.4399
0.6199
0.7999
0.9800
0.2200
0.4000
0.5799
0.8199
0
0.1799
0.4199
0.5999
0.7799
0.0200
0.1999
0.3799
0.5599
0.7999
0.9800
0.1600
0.4000
0.5799
0.7599
0.9399
0.1800
0.3600
0.5400
0.7799
0.9599
0.1400
0.3200
0.5600
0.7399
0.9200
0.1000
0.3400
0.5199
0.6999
0.9399
0.1200
0.3000
0.5400
0.7199
0.8999
0.0800
0.3200
0.5000
0.6799
0.9200
0.1000
0.2800
0.4600
0.6999
0.8799
0.0600
0.2399
0.4799
0.6599
0.8399
0.0800
0.2599
0.4399
0.6799
0.9200
0.1000
0.2800
0.5199
0.6999
0.8799
0.1200
0.3000
0.4799
0.7199
0.8999
0.0800
0.2599
0.5000
0.6799
0.8599
0.1000
0.2800
0.4600
0.6999
0.8799
0.0600
0.3000
0.4799
0.6599
0.8999
0.0800
0.2599
0.4399
0.6799
0.8599
0.1000
0.2800
0.4600
0.6999
0.8799
0.0600
0.2399
0.4799
0.6599
0.8399
0.0800
0.2599
0.4399
0.6199
0.8599
0.0400
0.2199
0.4600
0.6399
0.8799
0.0600
0.2399
0.4199
0.6599
0.8399
0.0200
0.2599
0.4399
0.6199
0.8599
0.0400
0.2199
0.4600
0.6399
0.8199
0.0600
0.2399
0.4199
0.5999
0.8399
0.0200
0.1999
0.4399
0.6199
0.7999
0.0400
0.2199
0.3999
0.5799
0.8199
0
0.1799
0.4199
0.5999
0.7799
0.9599
0.2000
0.3800
0.5600
0.7999
0.9800
0.2200
0.4000
0.5799
0.7599
0
0.1799
0.3599
0.5399
0.7799
0.9599
0.1400
0.3800
0.5600
0.7399
0.9200
0.1600
0.3400
0.5199
0.7599
0.9399
0.1800
0.3600
0.5400
0.7199
0.9599
0.1400
0.3200
0.5600
0.7399
0.9200
0.1600
0.3400
0.5199
0.7599
0.9399
0.1200
0.3600
0.5400
0.7199
0.9599
0.1400
0.3200
0.5600
0.7399
0.9200
0.1000
0.3400
0.5199
0.6999
0.9399
0.1200
0.3000
0.5400
0.7199
0.8999
0.1400
0.3200
0.5000
0.7399
0.9200
0.1000
0.2800
0.5199
0.6999
0.8799
0.0600
0.3000
0.4799
0.6599
0.8999
0.0800
0.2599
0.4399
0.6799
0.8599
0.0400
0.2800
0.4600
0.6399
0.8799
0.0600
0.2399
0.4799
0.6599
0.8399
0.0200
0.2599
0.4399
0.6199
0.8599
0.0400
0.2800
0.4600
0.6399
0.8799
0.0600
0.2399
0.4199
0.6599
0.8399
0.0200
0.2599
0.4399
0.6199
0.8599
0.0400
0.2199
0.3999
0.6399
0.8199
0.0600
0.2399
0.4199
0.5999
0.8399
0.0200
0.1999
0.4399
0.6199
0.7999
0.9800
0.2200
0.4000
0.5799
0.8199
0
0.1799
0.4199
0.5999
0.7799
0.0200
0.1999
0.3799
0.5599
0.7999
0.9800
0.1600
0.4000
0.5799
0.7599
0
0.1799
0.3599
0.5399
0.7799
0.9599
0.1400
0.3800
0.5600
0.7399
0.9200
0.1600
0.3400
0.5199
0.7599
0.9399
0.1200
0.3600
0.5400
0.7799
0.9599
0.1400
0.3800
0.5600
0.7399
0.9200
0.1600
0.3400
0.5199
0.7599
0.9399
0.1200
0.3600
0.5400
0.7199
0.8999
0.1400
0.3200
0.5000
0.7399
0.9200
0.1000
0.3400
0.5199
0.6999
0.9399
0.1200
0.3000
0.4799
0.7199
0.8999
0.0800
0.3200
0.5000
0.6799
0.9200
0.1000
0.2800
0.5199
0.6999
0.8799
0.1200
0.3000
0.5400
0.7199
0.8999
0.1400
0.3200
0.5000
0.7399
0.9200
0.1000
0.3400
0.5199
0.6999
0.9399
0.1200
0.3000
0.5400
0.7199
0.8999
0.1400
0.3200
0.5000
0.7399
0.9200
0.1000
0.3400
0.5199
0.6999
0.9399
0.1200
0.3000
0.5400
0.7199
0.8999
0.0800
0.3200
0.5000
0.6799
0.9200
0.1000
0.2800
0.5199
0.6999
0.8799
0.1200
0.3000
0.4799
0.7199
0.8999
0.0800
0.3200
0.5000
0.6799
0.9200
0.1000
0.2800
0.5199
0.6999
0.8799
0.1200
0.3000
0.4799
0.6599
0.8999
0.0800
0.2599
0.5000
0.6799
0.9200
0.1000
0.2800
0.5199
0.6999
0.8799
0.1200
0.3000
0.4799
0.7199
0.8999
0.0800
0.2599
0.5000
0.6799
0.9200
0.1000
0.2800
0.4600
0.6999
0.8799
0.0600
0.3000
0.4799
0.6599
0.8999
0.0800
0.2599
0.4399
0.6799
0.8599
0.0400
0.2800
0.4600
0.6399
0.8199
0.0600
0.2399
0.4199
0.6599
0.8399
0.0200
0.2599
0.4399
0.6199
0.7999
0.0400
0.2199
0.3999
0.6399
0.8199
0
0.2399
0.4199
0.5999
0.8399
0.0200
0.1999
0.3799
0.6199
0.7999
0.9800
0.2200
0.4000
0.5799
0.7599
0
0.1799
0.3599
0.5999
0.7799
0.9599
0.2000
0.3800
0.5600
0.7399
0.9800
0.1600
0.3400
0.5799
0.7599
0.9399
0.1800
0.3600
0.5400
0.7799
0.9599
0.1400
0.3800
0.5600
0.7399
0.9800
0.1600
0.3400
0.5799
0.7599
0.9399
0.1800
0.3600
0.5400
0.7799
0.9599
0.1400
0.3200
0.5600
0.7399
0.9200
0.1600
0.3400
0.5199
0.7599
0.9399
0.1200
0.3600
0.5400
0.7199
0.8999
0.1400
0.3200
0.5000
0.7399
0.9200
0.1000
0.3400
0.5199
0.6999
0.9399
0.1200
0.3000
0.4799
0.7199
0.8999
0.1400
0.3200
0.5000
0.6799
0.9200
0.1000
0.2800
0.5199
0.6999
0.8799
0.1200
0.3000
0.4799
0.6599
0.8999
0.0800
0.2599
0.5000
0.6799
0.8599
0.1000
0.2800
0.4600
0.6999
0.8799
0.0600
0.3000
0.4799
0.6599
0.8399
0.0800
0.2599
0.4399
0.6799
0.8599
0.0400
0.2800
0.4600
0.6399
0.8799
0.0600
0.2399
0.4799
0.6599
0.8399
0.0800
0.2599
0.4399
0.6799
0.8599
0.0400
0.2800
0.4600
0.6399
0.8799
0.0600
0.2399
0.4799
0.6599
0.8399
0.0800
0.2599
0.4399
0.6799
0.9200
0.1000
0.3400
0.5199
0.6999
0.8799
0.1200
0.3000
0.4799
0.7199
0.8999
0.0800
0.3200
0.5000
0.6799
0.9200
0.1000
0.2800
0.5199
0.6999
0.8799
0.1200
0.3000
0.4799
0.7199
0.8999
0.0800
0.2599
0.5000
0.6799
0.8599
0.1000
0.2800
0.4600
0.6999
0.8799
0.0600
0.3000
0.4799
0.6599
0.8999
0.0800
0.2599
0.5000
0.6799
0.8599
0.1000
0.2800
0.4600
0.6999
0.8799
0.0600
0.3000
0.4799
0.6599
0.8999
0.0800
0.2599
0.5000
0.6799
0.8599
0.1000
0.2800
0.4600
0.6399
0.8799
0.0600
0.2399
0.4799
0.6599
0.8399
0.0800
0.2599
0.4399
0.6799
0.8599
0.0400
0.2800
0.4600
0.6399
0.8799
0.0600
0.2399
0.4799
0.6599
0.8399
0.0800
0.2599
0.4399
0.6199
0.8599
0.0400
0.2199
0.4600
0.6399
0.8199
0.0600
0.2399
0.4199
0.5999
0.8399
0.0200
0.1999
0.4399
0.6199
0.7999
0.9800
0.2200
0.4000
0.5799
0.7599
0
0.1799
0.3599
0.5399
0.7799
0.9599
0.1400
0.3200
0.5600
0.7399
0.9200
0.1600
0.3400
0.5199
0.6999
0.9399
0.1200
0.3000
0.4799
0.7199
0.8999
0.0800
0.2599
0.5000
0.6799
0.8599
0.1000
0.2800
0.4600
0.6399
0.8799
0.0600
0.2399
0.4199
0.6599
0.8399
0.0200
0.1999
0.4399
0.6199
0.7999
0.0400
0.2199
0.3999
0.5799
0.8199
0
0.1799
0.3599
0.5399
0.7799
0.9599
0.1400
0.3200
0.5600
0.7399
0.9200
0.1000
0.3400
0.5199
0.6999
0.9399
0.1200
0.3000
0.4799
0.7199
0.8999
0.0800
0.2599
0.5000
0.6799
0.8599
0.0400
0.2800
0.4600
0.6399
0.8199
0.0600
0.2399
0.4199
0.5999
0.8399
0.0200
0.1999
0.3799
0.6199
0.7999
0.9800
0.1600
0.4000
0.5799
0.7599
0.9399
0.1800
0.3600
0.5400
0.7199
0.9599
0.1400
0.3200
0.5000
0.7399
0.9200
0.1000
0.3400
0.5199
0.6999
0.8799
0.0600
0.3000
0.4799
0.6599
0.8399
0.0800
0.2599
0.4399
0.6199
0.8599
0.0400
0.2199
0.3999
0.6399
0.8199
0
0.2399
0.4199
0.5999
0.7799
0.0200
0.1999
0.3799
0.5599
0.7999
0.9800
0.1600
0.3400
0.5199
0.7599
0.9399
0.1200
0.3600
0.5400
0.7199
0.8999
0.1400
0.3200
0.5000
0.6799
0.9200
0.1000
0.2800
0.5199
0.6999
0.8799
0.1200
0.3000
0.4799
0.6599
0.8999
0.0800
0.2599
0.4399
0.6799
0.8599
0.1000
0.2800
0.4600
0.6399
0.8799
0.0600
0.2399
0.4199
0.6599
0.8399
0.0200
0.2599
0.4399
0.6199
0.7999
0.0400
0.2199
0.3999
0.5799
0.8199
0
0.1799
0.3599
0.5999
0.7799
0.9599
0.1400
0.3800
0.5600
0.7399
0.9800
0.1600
0.3400
0.5199
0.7599
0.9399
0.1200
0.3000
0.5400
0.7199
0.8999
0.1400
0.3200
0.5000
0.6799
0.9200
0.1000
0.2800
0.4600
0.6999
0.8799
0.0600
0.2399
0.4799
0.6599
0.8399
0.0200
0.2599
0.4399
0.6199
0.8599
0.0400
0.2199
0.3999
0.5799
0.8199
0
0.1799
0.4199
0.5999
0.7799
0.0200
0.1999
0.3799
0.6199
0.7999
0.9800
0.1600
0.4000
0.5799
0.7599
0
0.1799
0.3599
0.5999
0.7799
0.9599
0.1400
0.3800
0.5600
0.7399
0.9800
0.1600
0.3400
0.5199
0.6999
0.9399
0.1200
0.3000
0.5400
0.7199
0.8999
0.0800
0.3200
0.5000
0.6799
0.8599
0.1000
0.2800
0.5199
0.6999
0.8799
0.0600
0.3000
0.4799
0.6599
0.8399
0.0800
0.2599
0.4399
0.6199
0.8599
0.0400
0.2199
0.3999
0.6399
0.8199
0
0.1799
0.4199
0.5999
0.7799
0.9599
0.2000
0.3800
0.5600
0.7399
0.9800
0.1600
0.3400
0.5199
0.7599
0.9399
0.1200
0.3000
0.5400
0.7199
0.8999
0.1400
0.3200
0.5000
0.6799
0.9200
0.1000
0.2800
0.4600
0.6999
0.8799
0.0600
0.3000
0.4799
0.6599
0.8399
0.0800
0.2599
0.4399
0.6199
0.8599
0.0400
0.2199
0.3999
0.6399
0.8199
0
0.2399
0.4199
0.5999
0.7799
0.0200
0.1999
0.3799
0.5599
0.7999
0.9800
0.1600
0.3400
0.5799
0.7599
0.9399
0.1200
0.3600
0.5400
0.7199
0.8999
0.1400
0.3200
0.5000
0.6799
0.9200
0.1000
0.2800
0.4600
0.6999
0.8799
0.0600
0.2399
0.4799
0.6599
0.8399
0.0200
0.2599
0.4399
0.6199
0.7999
0.0400
0.2199
0.3999
0.5799
0.8199
0
0.1799
0.3599
0.5999
0.7799
0.9599
0.2000
0.3800
0.5600
0.7399
0.9800
0.1600
0.3400
0.5199
0.7599
0.9399
0.1200
0.3000
0.4799
0.7199
0.8999
0.0800
0.3200
0.5000
0.6799
0.8599
0.1000
0.2800
0.4600
0.6399
0.8799
0.0600
0.2399
0.4199
0.6599
0.8399
0.0200
0.1999
0.4399
0.6199
0.7999
0.9800
0.2200
0.4000
0.5799
0.7599
0
0.1799
0.3599
0.5999
0.7799
0.9599
0.1400
0.3800
0.5600
0.7399
0.9800
0.1600
0.3400
0.5199
0.7599
0.9399
0.1200
0.3000
0.5400
0.7199
0.8999
0.0800
0.3200
0.5000
0.6799
0.8599
0.1000
0.2800
0.4600
0.6399
0.8799
0.0600
0.2399
0.4199
0.6599
0.8399
0.0200
0.2599
0.4399
0.6199
0.7999
0.0400
0.2199
0.3999
0.5799
0.8199
0
0.1799
0.3599
0.5999
0.7799
0.9599
0.1400
0.3800
0.5600
0.7399
0.9200
0.1600
0.3400
0.5199
0.7599
0.9399
0.1200
0.3600
0.5400
0.7199
0.9599
0.1400
0.3200
0.5000
0.7399
0.9200
0.1000
0.2800
0.5199
0.6999
0.8799
0.1200
0.3000
0.4799
0.6599
0.8999
0.0800
0.2599
0.4399
0.6799
0.8599
0.0400
0.2199
0.4600
0.6399
0.8799
0.0600
0.2399
0.4199
0.6599
0.8399
0.0200
0.1999
0.4399
0.6199
0.7999
0.9800
0.2200
0.4000
0.5799
0.7599
0
0.1799
0.3599
0.5399
0.7799
0.9599
0.1400
0.3200
0.5600
0.7399
0.9200
0.1600
0.3400
0.5199
0.6999
0.9399
0.1200
0.3000
0.5400
0.7199
0.8999
0.0800
0.3200
0.5000
0.6799
0.8599
0.1000
0.2800
0.4600
0.6399
0.8799
0.0600
0.2399
0.4199
0.6599
0.8399
0.0200
0.2599
0.4399
0.6199
0.7999
0.0400
0.2199
0.3999
0.5799
0.8199
0
0.1799
0.3599
0.5399
0.7799
0.9599
0.1400
0.3200
0.5600
0.7399
0.9200
0.1600
0.3400
0.5199
0.6999
0.9399
0.1200
0.3000
0.5400
0.7199
0.8999
0.0800
0.2599
0.5000
0.6799
0.8599
0.1000
0.2800
0.4600
0.6399
0.8799
0.0600
0.2399
0.4199
0.6599
0.8399
0.0200
0.1999
0.4399
0.6199
0.7999
0.9800
0.2200
0.4000
0.5799
0.7599
0
0.1799
0.3599
0.5399
0.7799
0.9599
0.1400
0.3200
0.5600
0.7399
0.9200
0.1000
0.3400
0.5199
0.6999
0.8799
0.1200
0.3000
0.4799
0.6599
0.8999
0.0800
0.2599
0.5000
0.6799
0.8599
0.0400
0.2800
0.4600
0.6399
0.8199
0.0600
0.2399
0.4199
0.6599
0.8399
0.0200
0.2599
0.4399
0.6199
0.7999
0.0400
0.2199
0.3999
0.5799
0.8199
0
0.1799
0.3599
0.5999
0.7799
0.9599
0.2000
0.3800
0.5600
0.7399
0.9800
0.1600
0.3400
0.5199
0.7599
0.9399
0.1200
0.3000
0.5400
0.7199
0.8999
0.0800
0.3200
0.5000
0.6799
0.8599
0.1000
0.2800
0.4600
0.6399
0.8799
0.0600
0.2399
0.4199
0.6599
0.8399
0.0200
0.1999
0.4399
0.6199
0.7999
0.0400
0.2199
0.3999
0.5799
0.7599
0
0.1799
0.3599
0.5999
0.7799
0.9599
0.1400
0.3800
0.5600
0.7399
0.9200
0.1600
0.3400
0.5199
0.7599
0.9399
0.1200
0.3000
0.5400
0.7199
0.8999
0.0800
0.3200
0.5000
0.6799
0.8599
0.1000
0.2800
0.5199
0.6999
0.8799
0.1200
0.3000
0.4799
0.6599
0.8999
0.0800
0.2599
0.4399
0.6799
0.8599
0.0400
0.2800
0.4600
0.6399
0.8799
0.0600
0.2399
0.4199
0.6599
0.8399
0.0200
0.1999
0.4399
0.6199
0.7999
0.0400
0.2199
0.3999
0.5799
0.8199
0
0.1799
0.3599
0.5999
0.7799
0.9599
0.2000
0.3800
0.5600
0.7999
0.9800
0.1600
0.4000
0.5799
0.7599
0
0.1799
0.3599
0.5999
0.7799
0.9599
0.2000
0.3800
0.5600
0.7399
0.9800
0.1600
0.3400
0.5799
0.7599
0.9399
0.1200
0.3600
0.5400
0.7199
0.9599
0.1400
0.3200
0.5000
0.6799
0.9200
0.1000
0.2800
0.5199
0.6999
0.8799
0.1200
0.3000
0.4799
0.6599
0.8999
0.0800
0.2599
0.4399
0.6799
0.8599
0.0400
0.2199
0.4600
0.6399
0.8199
0
0.2399
0.4199
0.5999
0.8399
0.0200
0.1999
0.3799
0.6199
0.7999
0.0400
0.2199
0.3999
0.6399
0.8199
0
0.2399
0.4199
0.5999
0.8399
0.0200
0.1999
0.3799
0.6199
0.7999
0.9800
0.1600
0.4000
0.5799
0.7599
0.9399
0.1800
0.3600
0.5400
0.7199
0.9599
0.1400
0.3200
0.5600
0.7399
0.9200
0.1000
0.3400
0.5199
0.6999
0.8799
0.1200
0.3000
0.4799
0.7199
0.8999
0.0800
0.2599
0.5000
0.6799
0.8599
0.0400
0.2800
0.4600
